e:\visual studio 2010\visual studio stall\project\练习\练习题=随机数\c++练习\debug\vc120.pdb
e:\visual studio 2010\visual studio stall\project\练习\练习题=随机数\c++练习\debug\vc120.idb
e:\visual studio 2010\visual studio stall\project\练习\练习题=随机数\c++练习\debug\1.obj
e:\visual studio 2010\visual studio stall\project\练习\练习题=随机数\c++练习\debug\2.obj
e:\visual studio 2010\visual studio stall\project\练习\练习题=随机数\c++练习\debug\计算幂次方的子函数.obj
e:\visual studio 2010\visual studio stall\project\练习\练习题=随机数\c++练习\debug\返回形参的绝对值.obj
e:\visual studio 2010\visual studio stall\project\练习\练习题=随机数\c++练习\debug\3.obj
e:\visual studio 2010\visual studio stall\project\练习\练习题=随机数\c++练习\debug\4.obj
e:\visual studio 2010\visual studio stall\project\练习\练习题=随机数\c++练习\debug\利用指针交换值.obj
e:\visual studio 2010\visual studio stall\project\练习\练习题=随机数\c++练习\debug\5.obj
e:\visual studio 2010\visual studio stall\project\练习\练习题=随机数\c++练习\debug\引用改变值.obj
e:\visual studio 2010\visual studio stall\project\练习\练习题=随机数\c++练习\debug\6.obj
e:\visual studio 2010\visual studio stall\project\练习\练习题=随机数\c++练习\debug\7.obj
e:\visual studio 2010\visual studio stall\project\练习\练习题=随机数\c++练习\debug\8.obj
e:\visual studio 2010\visual studio stall\project\练习\练习题=随机数\c++练习\debug\9.obj
e:\visual studio 2010\visual studio stall\project\练习\练习题=随机数\c++练习\debug\10.obj
e:\visual studio 2010\visual studio stall\project\练习\练习题=随机数\c++练习\debug\11.obj
e:\visual studio 2010\visual studio stall\project\练习\练习题=随机数\c++练习\debug\12.obj
e:\visual studio 2010\visual studio stall\project\练习\练习题=随机数\c++练习\debug\person.obj
e:\visual studio 2010\visual studio stall\project\练习\练习题=随机数\c++练习\debug\13.obj
e:\visual studio 2010\visual studio stall\project\练习\练习题=随机数\c++练习\debug\14.obj
e:\visual studio 2010\visual studio stall\project\练习\练习题=随机数\c++练习\debug\main.obj
e:\visual studio 2010\visual studio stall\project\练习\练习题=随机数\c++练习\debug\vector3.obj
e:\visual studio 2010\visual studio stall\project\练习\练习题=随机数\c++练习\debug\triangle_cross.obj
e:\visual studio 2010\visual studio stall\project\练习\练习题=随机数\c++练习\debug\16.obj
e:\visual studio 2010\visual studio stall\project\练习\练习题=随机数\debug\c++练习.ilk
e:\visual studio 2010\visual studio stall\project\练习\练习题=随机数\debug\c++练习.exe
e:\visual studio 2010\visual studio stall\project\练习\练习题=随机数\debug\c++练习.pdb
e:\visual studio 2010\visual studio stall\project\练习\练习题=随机数\c++练习\debug\c++练习.tlog\cl.command.1.tlog
e:\visual studio 2010\visual studio stall\project\练习\练习题=随机数\c++练习\debug\c++练习.tlog\cl.read.1.tlog
e:\visual studio 2010\visual studio stall\project\练习\练习题=随机数\c++练习\debug\c++练习.tlog\cl.write.1.tlog
e:\visual studio 2010\visual studio stall\project\练习\练习题=随机数\c++练习\debug\c++练习.tlog\link.command.1.tlog
e:\visual studio 2010\visual studio stall\project\练习\练习题=随机数\c++练习\debug\c++练习.tlog\link.read.1.tlog
e:\visual studio 2010\visual studio stall\project\练习\练习题=随机数\c++练习\debug\c++练习.tlog\link.write.1.tlog
